<?xml version="1.0" encoding="UTF-8"?>
<!-- Generated by org.testng.reporters.JUnitXMLReporter -->
<testsuite ignored="0" hostname="LAPTOP-CE7R4UV6" failures="0" tests="3" name="Default test" time="0.102" errors="0" timestamp="2025-03-05T15:59:46 IST">
  <testcase classname="pac1.CreatecontactTest" name="createcontacttest" time="0.016"/>
  <testcase classname="pac1.CreatecontactTest" name="deletecontacttest" time="0.004"/>
  <testcase classname="pac1.CreatecontactTest" name="modifycontacttest" time="0.001"/>
</testsuite> <!-- Default test -->
